C:\Program Files (x86)\MSBuild\Microsoft.Cpp\v4.0\V140\Microsoft.CppBuild.targets(392,5): warning MSB8028: The intermediate directory (Debug\) contains files shared from another project (MIPS_Simulator-DESKTOP-HOUPI23.vcxproj).  This can lead to incorrect clean and rebuild behavior.
  main.cpp
c:\users\denwi\onedrive\documents\college stuff\2017-2018 classes\computer architecture\mips_simulator\mips_simulator\main.cpp(320): warning C4018: '<': signed/unsigned mismatch
c:\users\denwi\onedrive\documents\college stuff\2017-2018 classes\computer architecture\mips_simulator\mips_simulator\main.cpp(726): warning C4553: '==': operator has no effect; did you intend '='?
c:\users\denwi\onedrive\documents\college stuff\2017-2018 classes\computer architecture\mips_simulator\mips_simulator\main.cpp(942): warning C4018: '<': signed/unsigned mismatch
c:\users\denwi\onedrive\documents\college stuff\2017-2018 classes\computer architecture\mips_simulator\mips_simulator\main.cpp(948): warning C4018: '<': signed/unsigned mismatch
c:\users\denwi\onedrive\documents\college stuff\2017-2018 classes\computer architecture\mips_simulator\mips_simulator\main.cpp(683): warning C4996: 'fopen': This function or variable may be unsafe. Consider using fopen_s instead. To disable deprecation, use _CRT_SECURE_NO_WARNINGS. See online help for details.
  c:\program files (x86)\windows kits\10\include\10.0.10240.0\ucrt\stdio.h(205): note: see declaration of 'fopen'
c:\users\denwi\onedrive\documents\college stuff\2017-2018 classes\computer architecture\mips_simulator\mips_simulator\main.cpp(931): warning C4474: 'fprintf' : too many arguments passed for format string
  c:\users\denwi\onedrive\documents\college stuff\2017-2018 classes\computer architecture\mips_simulator\mips_simulator\main.cpp(931): note: placeholders and their parameters expect 0 variadic arguments, but 1 were provided
c:\users\denwi\onedrive\documents\college stuff\2017-2018 classes\computer architecture\mips_simulator\mips_simulator\main.cpp(940): warning C4474: 'fprintf' : too many arguments passed for format string
  c:\users\denwi\onedrive\documents\college stuff\2017-2018 classes\computer architecture\mips_simulator\mips_simulator\main.cpp(940): note: placeholders and their parameters expect 0 variadic arguments, but 1 were provided
c:\users\denwi\onedrive\documents\college stuff\2017-2018 classes\computer architecture\mips_simulator\mips_simulator\main.cpp(947): warning C4474: 'fprintf' : too many arguments passed for format string
  c:\users\denwi\onedrive\documents\college stuff\2017-2018 classes\computer architecture\mips_simulator\mips_simulator\main.cpp(947): note: placeholders and their parameters expect 0 variadic arguments, but 1 were provided
c:\users\denwi\onedrive\documents\college stuff\2017-2018 classes\computer architecture\mips_simulator\mips_simulator\main.cpp(957): warning C4474: 'fprintf' : too many arguments passed for format string
  c:\users\denwi\onedrive\documents\college stuff\2017-2018 classes\computer architecture\mips_simulator\mips_simulator\main.cpp(957): note: placeholders and their parameters expect 0 variadic arguments, but 1 were provided
c:\users\denwi\onedrive\documents\college stuff\2017-2018 classes\computer architecture\mips_simulator\mips_simulator\main.cpp(1004): warning C4018: '<': signed/unsigned mismatch
c:\users\denwi\onedrive\documents\college stuff\2017-2018 classes\computer architecture\mips_simulator\mips_simulator\main.cpp(1010): warning C4018: '<': signed/unsigned mismatch
  MIPS_Simulator.vcxproj -> C:\Users\denwi\OneDrive\Documents\College stuff\2017-2018 Classes\Computer Architecture\MIPS_Simulator\Debug\MIPS_Simulator.exe
  MIPS_Simulator.vcxproj -> C:\Users\denwi\OneDrive\Documents\College stuff\2017-2018 Classes\Computer Architecture\MIPS_Simulator\Debug\MIPS_Simulator.pdb (Full PDB)
